<?xml version="1.0" encoding="UTF-8"?>
<testng-results ignored="0" total="1" passed="1" failed="0" skipped="0">
  <reporter-output>
    <line>
      <![CDATA[Homepage is displayed]]>
    </line>
  </reporter-output>
  <suite started-at="2024-07-09T21:14:31 CDT" name="Default suite" finished-at="2024-07-09T21:14:50 CDT" duration-ms="19094">
    <groups>
    </groups>
    <test started-at="2024-07-09T21:14:31 CDT" name="Default test" finished-at="2024-07-09T21:14:50 CDT" duration-ms="19094">
      <class name="scripts.ValidLogin">
        <test-method is-config="true" signature="createReport()[pri:0, instance:scripts.ValidLogin@75d3a5e0]" started-at="2024-07-09T21:14:30 CDT" name="createReport" finished-at="2024-07-09T21:14:31 CDT" duration-ms="1172" status="PASS">
          <reporter-output>
          </reporter-output>
        </test-method> <!-- createReport -->
        <test-method is-config="true" signature="preCondition(java.lang.reflect.Method)[pri:0, instance:scripts.ValidLogin@75d3a5e0]" started-at="2024-07-09T21:14:32 CDT" name="preCondition" finished-at="2024-07-09T21:14:43 CDT" duration-ms="11434" status="PASS">
          <params>
            <param index="0">
              <value>
                <![CDATA[public void scripts.ValidLogin.testValidLogin()]]>
              </value>
            </param>
          </params>
          <reporter-output>
          </reporter-output>
        </test-method> <!-- preCondition -->
        <test-method signature="testValidLogin()[pri:1, instance:scripts.ValidLogin@75d3a5e0]" started-at="2024-07-09T21:14:43 CDT" name="testValidLogin" finished-at="2024-07-09T21:14:50 CDT" duration-ms="7169" status="PASS">
          <reporter-output>
            <line>
              <![CDATA[Homepage is displayed]]>
            </line>
          </reporter-output>
        </test-method> <!-- testValidLogin -->
        <test-method is-config="true" signature="postCondition(org.testng.ITestResult)[pri:0, instance:scripts.ValidLogin@75d3a5e0]" started-at="2024-07-09T21:14:50 CDT" name="postCondition" finished-at="2024-07-09T21:14:50 CDT" duration-ms="326" status="PASS">
          <params>
            <param index="0">
              <value>
                <![CDATA[[TestResult name=testValidLogin status=SUCCESS method=ValidLogin.testValidLogin()[pri:1, instance:scripts.ValidLogin@75d3a5e0] output=Homepage is displayed]]]>
              </value>
            </param>
          </params>
          <reporter-output>
          </reporter-output>
        </test-method> <!-- postCondition -->
        <test-method is-config="true" signature="publishReport()[pri:0, instance:scripts.ValidLogin@75d3a5e0]" started-at="2024-07-09T21:14:51 CDT" name="publishReport" finished-at="2024-07-09T21:14:51 CDT" duration-ms="702" status="PASS">
          <reporter-output>
          </reporter-output>
        </test-method> <!-- publishReport -->
      </class> <!-- scripts.ValidLogin -->
    </test> <!-- Default test -->
  </suite> <!-- Default suite -->
</testng-results>
