<?xml version="1.0" encoding="UTF-8"?>
<testng-results ignored="0" total="1" passed="1" failed="0" skipped="0">
  <reporter-output>
  </reporter-output>
  <suite started-at="2024-07-08T22:02:54 CDT" name="Default suite" finished-at="2024-07-08T22:03:05 CDT" duration-ms="11050">
    <groups>
    </groups>
    <test started-at="2024-07-08T22:02:54 CDT" name="Default test" finished-at="2024-07-08T22:03:05 CDT" duration-ms="11050">
      <class name="scripts.TC1">
        <test-method is-config="true" signature="createReport()[pri:0, instance:scripts.TC1@75d3a5e0]" started-at="2024-07-08T22:02:54 CDT" name="createReport" finished-at="2024-07-08T22:02:54 CDT" duration-ms="412" status="PASS">
          <reporter-output>
          </reporter-output>
        </test-method> <!-- createReport -->
        <test-method is-config="true" signature="preCondition(java.lang.reflect.Method)[pri:0, instance:scripts.TC1@75d3a5e0]" started-at="2024-07-08T22:02:54 CDT" name="preCondition" finished-at="2024-07-08T22:03:04 CDT" duration-ms="9498" status="PASS">
          <params>
            <param index="0">
              <value>
                <![CDATA[public void scripts.TC1.test1()]]>
              </value>
            </param>
          </params>
          <reporter-output>
          </reporter-output>
        </test-method> <!-- preCondition -->
        <test-method signature="test1()[pri:0, instance:scripts.TC1@75d3a5e0]" started-at="2024-07-08T22:03:04 CDT" name="test1" finished-at="2024-07-08T22:03:05 CDT" duration-ms="1219" status="PASS">
          <reporter-output>
          </reporter-output>
        </test-method> <!-- test1 -->
        <test-method is-config="true" signature="postCondition(org.testng.ITestResult)[pri:0, instance:scripts.TC1@75d3a5e0]" started-at="2024-07-08T22:03:05 CDT" name="postCondition" finished-at="2024-07-08T22:03:05 CDT" duration-ms="291" status="PASS">
          <params>
            <param index="0">
              <value>
                <![CDATA[[TestResult name=test1 status=SUCCESS method=TC1.test1()[pri:0, instance:scripts.TC1@75d3a5e0] output={null}]]]>
              </value>
            </param>
          </params>
          <reporter-output>
          </reporter-output>
        </test-method> <!-- postCondition -->
        <test-method is-config="true" signature="publishReport()[pri:0, instance:scripts.TC1@75d3a5e0]" started-at="2024-07-08T22:03:05 CDT" name="publishReport" finished-at="2024-07-08T22:03:06 CDT" duration-ms="321" status="PASS">
          <reporter-output>
          </reporter-output>
        </test-method> <!-- publishReport -->
      </class> <!-- scripts.TC1 -->
    </test> <!-- Default test -->
  </suite> <!-- Default suite -->
</testng-results>
